[2021-03-09T23:23:58.279] [DEBUG] cheese - login => username:卢本伟,password:123456
[2021-03-09T23:23:58.281] [DEBUG] cheese - 卢本伟
[2021-03-09T23:23:58.302] [DEBUG] cheese - null
[2021-03-09T23:23:58.302] [DEBUG] cheese - null
[2021-03-09T23:26:00.811] [DEBUG] cheese - login => username:admin,password:123456
[2021-03-09T23:26:00.811] [DEBUG] cheese - admin
[2021-03-09T23:26:00.816] [DEBUG] cheese - null
[2021-03-09T23:26:00.816] [DEBUG] cheese - null
[2021-03-15T23:38:20.642] [DEBUG] cheese - login => username:法赛法赛,password:fdasfasdf
[2021-03-15T23:38:20.644] [DEBUG] cheese - 法赛法赛
[2021-03-15T23:38:20.694] [DEBUG] cheese - null
[2021-03-15T23:38:20.694] [DEBUG] cheese - null
[2021-03-15T23:39:18.622] [DEBUG] cheese - login => username:东安东ad,password:dsadasd
[2021-03-15T23:39:18.622] [DEBUG] cheese - 东安东ad
[2021-03-15T23:39:18.625] [DEBUG] cheese - null
[2021-03-15T23:39:18.626] [DEBUG] cheese - null
[2021-03-15T23:45:01.820] [DEBUG] cheese - login => username:发动发东方,password:fdasfadsf
[2021-03-15T23:45:01.821] [DEBUG] cheese - 发动发东方
[2021-03-15T23:45:01.822] [DEBUG] cheese - null
[2021-03-15T23:45:01.823] [DEBUG] cheese - null
[2021-03-15T23:45:40.094] [DEBUG] cheese - login => username:动啊大赛,password:dsadasd
[2021-03-15T23:45:40.094] [DEBUG] cheese - 动啊大赛
[2021-03-15T23:45:40.097] [DEBUG] cheese - null
[2021-03-15T23:45:40.097] [DEBUG] cheese - null
[2021-03-15T23:46:02.935] [DEBUG] cheese - login => username:大森阿塞飞,password:fdasfadsf
[2021-03-15T23:46:02.936] [DEBUG] cheese - 大森阿塞飞
[2021-03-15T23:46:02.939] [DEBUG] cheese - null
[2021-03-15T23:46:02.939] [DEBUG] cheese - null
[2021-03-15T23:46:18.560] [DEBUG] cheese - login => username:浮动阿发东方,password:fdasfdasf
[2021-03-15T23:46:18.560] [DEBUG] cheese - 浮动阿发东方
[2021-03-15T23:46:18.562] [DEBUG] cheese - null
[2021-03-15T23:46:18.562] [DEBUG] cheese - null
[2021-03-15T23:58:16.090] [DEBUG] cheese - login => username:大赛sad,password:adsadasd
[2021-03-15T23:58:16.091] [DEBUG] cheese - 大赛sad
[2021-03-15T23:58:16.093] [DEBUG] cheese - null
[2021-03-15T23:58:16.093] [DEBUG] cheese - null
[2021-03-15T23:59:41.087] [DEBUG] cheese - login => username:反冻阿发,password:dsadsad
[2021-03-15T23:59:41.088] [DEBUG] cheese - 反冻阿发
[2021-03-15T23:59:41.090] [DEBUG] cheese - null
[2021-03-15T23:59:41.090] [DEBUG] cheese - null
[2021-03-15T23:59:46.843] [DEBUG] cheese - login => username:admin,password:123456
[2021-03-15T23:59:46.843] [DEBUG] cheese - admin
[2021-03-15T23:59:46.850] [DEBUG] cheese - null
[2021-03-15T23:59:46.850] [DEBUG] cheese - null
[2021-03-16T22:29:23.148] [DEBUG] cheese - login => username:admin,password:123456
[2021-03-16T22:29:23.148] [DEBUG] cheese - admin
[2021-03-16T22:29:23.165] [DEBUG] cheese - null
[2021-03-16T22:29:23.165] [DEBUG] cheese - null
[2021-03-16T23:22:30.192] [DEBUG] cheese - login => username:admin,password:123456
[2021-03-16T23:22:30.192] [DEBUG] cheese - admin
[2021-03-16T23:22:30.198] [DEBUG] cheese - null
[2021-03-16T23:22:30.198] [DEBUG] cheese - null
[2021-03-16T23:33:06.915] [DEBUG] cheese - login => username:admin,password:123456
[2021-03-16T23:33:06.915] [DEBUG] cheese - admin
[2021-03-16T23:33:06.918] [DEBUG] cheese - null
[2021-03-16T23:33:06.918] [DEBUG] cheese - null
[2021-03-16T23:35:54.114] [DEBUG] cheese - login => username:admin,password:123456
[2021-03-16T23:35:54.114] [DEBUG] cheese - admin
[2021-03-16T23:35:54.117] [DEBUG] cheese - null
[2021-03-16T23:35:54.118] [DEBUG] cheese - null
[2021-03-17T23:52:51.173] [DEBUG] cheese - login => username:admin,password:123456
[2021-03-17T23:52:51.173] [DEBUG] cheese - admin
[2021-03-17T23:52:51.179] [DEBUG] cheese - null
[2021-03-17T23:52:51.179] [DEBUG] cheese - null
[2021-03-21T21:31:04.265] [DEBUG] cheese - login => username:admin,password:123456
[2021-03-21T21:31:04.267] [DEBUG] cheese - admin
[2021-03-21T21:31:04.298] [DEBUG] cheese - null
[2021-03-21T21:31:04.298] [DEBUG] cheese - null
[2021-03-22T23:02:17.817] [DEBUG] cheese - login => username:admin,password:123456
[2021-03-22T23:02:17.819] [DEBUG] cheese - admin
[2021-03-22T23:02:17.842] [DEBUG] cheese - null
[2021-03-22T23:02:17.842] [DEBUG] cheese - null
[2021-03-23T18:57:45.250] [DEBUG] cheese - login => username:admin,password:123456
[2021-03-23T18:57:45.250] [DEBUG] cheese - admin
[2021-03-23T18:57:45.257] [DEBUG] cheese - null
[2021-03-23T18:57:45.257] [DEBUG] cheese - null
[2021-03-24T01:02:35.103] [DEBUG] cheese - login => username:admin,password:123456
[2021-03-24T01:02:35.106] [DEBUG] cheese - admin
[2021-03-24T01:02:35.124] [DEBUG] cheese - null
[2021-03-24T01:02:35.124] [DEBUG] cheese - null
[2021-03-24T22:40:23.290] [DEBUG] cheese - null
[2021-03-24T22:42:51.208] [DEBUG] cheese - null
[2021-03-24T22:42:53.148] [DEBUG] cheese - null
[2021-03-27T23:21:24.674] [DEBUG] cheese - login => username:admin,password:123456
[2021-03-27T23:21:24.675] [DEBUG] cheese - admin
[2021-03-27T23:21:24.729] [DEBUG] cheese - null
[2021-03-27T23:21:24.729] [DEBUG] cheese - null
[2021-03-29T00:09:37.165] [DEBUG] cheese - login => username:admin,password:123456
[2021-03-29T00:09:37.170] [DEBUG] cheese - admin
[2021-03-29T00:09:37.202] [DEBUG] cheese - null
[2021-03-29T00:09:37.203] [DEBUG] cheese - null
[2021-03-29T22:54:04.765] [DEBUG] cheese - login => username:admin,password:123456
[2021-03-29T22:54:04.766] [DEBUG] cheese - admin
[2021-03-29T22:54:04.783] [DEBUG] cheese - null
[2021-03-29T22:54:04.784] [DEBUG] cheese - null
[2021-03-30T00:09:24.002] [DEBUG] cheese - login => username:admin,password:123456
[2021-03-30T00:09:24.003] [DEBUG] cheese - admin
[2021-03-30T00:09:24.008] [DEBUG] cheese - null
[2021-03-30T00:09:24.008] [DEBUG] cheese - null
[2021-03-31T21:39:39.216] [DEBUG] cheese - login => username:admin,password:123456
[2021-03-31T21:39:39.218] [DEBUG] cheese - admin
[2021-03-31T21:39:39.235] [DEBUG] cheese - null
[2021-03-31T21:39:39.236] [DEBUG] cheese - null
[2021-03-31T21:42:31.668] [DEBUG] cheese - login => username:admin,password:123456
[2021-03-31T21:42:31.670] [DEBUG] cheese - admin
[2021-03-31T21:42:31.675] [DEBUG] cheese - null
[2021-03-31T21:42:31.676] [DEBUG] cheese - null
[2021-04-01T22:23:38.989] [DEBUG] cheese - login => username:admin,password:123456
[2021-04-01T22:23:38.991] [DEBUG] cheese - admin
[2021-04-01T22:23:38.998] [DEBUG] cheese - null
[2021-04-01T22:23:38.999] [DEBUG] cheese - null
